Determining if the pthread_create exist failed with the following output:
Change Dir: /root/catkin_ws/build/CMakeFiles/CMakeTmp

Run Build Command:"/usr/bin/make" "cmTC_3b5b5/fast"
/usr/bin/make -f CMakeFiles/cmTC_3b5b5.dir/build.make CMakeFiles/cmTC_3b5b5.dir/build
make[1]: Entering directory '/root/catkin_ws/build/CMakeFiles/CMakeTmp'
Building C object CMakeFiles/cmTC_3b5b5.dir/CheckSymbolExists.c.o
/usr/bin/cc    -o CMakeFiles/cmTC_3b5b5.dir/CheckSymbolExists.c.o   -c /root/catkin_ws/build/CMakeFiles/CMakeTmp/CheckSymbolExists.c
Linking C executable cmTC_3b5b5
/usr/bin/cmake -E cmake_link_script CMakeFiles/cmTC_3b5b5.dir/link.txt --verbose=1
/usr/bin/cc      -rdynamic CMakeFiles/cmTC_3b5b5.dir/CheckSymbolExists.c.o  -o cmTC_3b5b5 
CMakeFiles/cmTC_3b5b5.dir/CheckSymbolExists.c.o: In function `main':
CheckSymbolExists.c:(.text+0x1b): undefined reference to `pthread_create'
collect2: error: ld returned 1 exit status
CMakeFiles/cmTC_3b5b5.dir/build.make:97: recipe for target 'cmTC_3b5b5' failed
make[1]: *** [cmTC_3b5b5] Error 1
make[1]: Leaving directory '/root/catkin_ws/build/CMakeFiles/CMakeTmp'
Makefile:126: recipe for target 'cmTC_3b5b5/fast' failed
make: *** [cmTC_3b5b5/fast] Error 2

File /root/catkin_ws/build/CMakeFiles/CMakeTmp/CheckSymbolExists.c:
/* */
#include <pthread.h>

int main(int argc, char** argv)
{
  (void)argv;
#ifndef pthread_create
  return ((int*)(&pthread_create))[argc];
#else
  (void)argc;
  return 0;
#endif
}

Determining if the function pthread_create exists in the pthreads failed with the following output:
Change Dir: /root/catkin_ws/build/CMakeFiles/CMakeTmp

Run Build Command:"/usr/bin/make" "cmTC_dce8c/fast"
/usr/bin/make -f CMakeFiles/cmTC_dce8c.dir/build.make CMakeFiles/cmTC_dce8c.dir/build
make[1]: Entering directory '/root/catkin_ws/build/CMakeFiles/CMakeTmp'
Building C object CMakeFiles/cmTC_dce8c.dir/CheckFunctionExists.c.o
/usr/bin/cc   -DCHECK_FUNCTION_EXISTS=pthread_create   -o CMakeFiles/cmTC_dce8c.dir/CheckFunctionExists.c.o   -c /usr/share/cmake-3.10/Modules/CheckFunctionExists.c
Linking C executable cmTC_dce8c
/usr/bin/cmake -E cmake_link_script CMakeFiles/cmTC_dce8c.dir/link.txt --verbose=1
/usr/bin/cc  -DCHECK_FUNCTION_EXISTS=pthread_create    -rdynamic CMakeFiles/cmTC_dce8c.dir/CheckFunctionExists.c.o  -o cmTC_dce8c -lpthreads 
/usr/bin/ld: cannot find -lpthreads
collect2: error: ld returned 1 exit status
CMakeFiles/cmTC_dce8c.dir/build.make:97: recipe for target 'cmTC_dce8c' failed
make[1]: *** [cmTC_dce8c] Error 1
make[1]: Leaving directory '/root/catkin_ws/build/CMakeFiles/CMakeTmp'
Makefile:126: recipe for target 'cmTC_dce8c/fast' failed
make: *** [cmTC_dce8c/fast] Error 2


